<?xml version="1.0" encoding="UTF-8"?>
<testsuite xmlns:xsi="http://www.w3.org/2001/XMLSchema-instance" xsi:schemaLocation="https://maven.apache.org/surefire/maven-surefire-plugin/xsd/surefire-test-report.xsd" name="SensorTest" time="0.076" tests="3" errors="3" skipped="0" failures="0">
  <properties>
    <property name="idea.version" value="2017.2.5"/>
    <property name="java.runtime.name" value="Java(TM) SE Runtime Environment"/>
    <property name="sun.boot.library.path" value="/Library/Java/JavaVirtualMachines/jdk1.8.0_161.jdk/Contents/Home/jre/lib"/>
    <property name="java.vm.version" value="25.161-b12"/>
    <property name="gopherProxySet" value="false"/>
    <property name="java.vm.vendor" value="Oracle Corporation"/>
    <property name="maven.multiModuleProjectDirectory" value="/Users/selltom/OneDrive - Haute Ecole Léonard de Vinci/Ecam/4EO/Test Driven Application/Project/Parking-management"/>
    <property name="java.vendor.url" value="http://java.oracle.com/"/>
    <property name="path.separator" value=":"/>
    <property name="guice.disable.misplaced.annotation.check" value="true"/>
    <property name="java.vm.name" value="Java HotSpot(TM) 64-Bit Server VM"/>
    <property name="file.encoding.pkg" value="sun.io"/>
    <property name="user.country" value="BE"/>
    <property name="sun.java.launcher" value="SUN_STANDARD"/>
    <property name="sun.os.patch.level" value="unknown"/>
    <property name="java.vm.specification.name" value="Java Virtual Machine Specification"/>
    <property name="user.dir" value="/Users/selltom/OneDrive - Haute Ecole Léonard de Vinci/Ecam/4EO/Test Driven Application/Project/Parking-management"/>
    <property name="java.runtime.version" value="1.8.0_161-b12"/>
    <property name="java.awt.graphicsenv" value="sun.awt.CGraphicsEnvironment"/>
    <property name="java.endorsed.dirs" value="/Library/Java/JavaVirtualMachines/jdk1.8.0_161.jdk/Contents/Home/jre/lib/endorsed"/>
    <property name="os.arch" value="x86_64"/>
    <property name="java.io.tmpdir" value="/var/folders/z7/g77vd2992dz94p_3_1t069yh0000gn/T/"/>
    <property name="line.separator" value="&#10;"/>
    <property name="java.vm.specification.vendor" value="Oracle Corporation"/>
    <property name="os.name" value="Mac OS X"/>
    <property name="net.sourceforge.cobertura.datafile" value="/Users/selltom/OneDrive - Haute Ecole Léonard de Vinci/Ecam/4EO/Test Driven Application/Project/Parking-management/target/cobertura/cobertura.ser"/>
    <property name="classworlds.conf" value="/Applications/IntelliJ IDEA.app/Contents/plugins/maven/lib/maven3/bin/m2.conf"/>
    <property name="sun.jnu.encoding" value="UTF-8"/>
    <property name="java.library.path" value="/Users/selltom/Library/Java/Extensions:/Library/Java/Extensions:/Network/Library/Java/Extensions:/System/Library/Java/Extensions:/usr/lib/java:."/>
    <property name="java.specification.name" value="Java Platform API Specification"/>
    <property name="java.class.version" value="52.0"/>
    <property name="sun.management.compiler" value="HotSpot 64-Bit Tiered Compilers"/>
    <property name="os.version" value="10.13"/>
    <property name="http.nonProxyHosts" value="local|*.local|169.254/16|*.169.254/16"/>
    <property name="user.home" value="/Users/selltom"/>
    <property name="user.timezone" value="Europe/Brussels"/>
    <property name="java.awt.printerjob" value="sun.lwawt.macosx.CPrinterJob"/>
    <property name="java.specification.version" value="1.8"/>
    <property name="file.encoding" value="UTF-8"/>
    <property name="user.name" value="selltom"/>
    <property name="java.class.path" value="/Applications/IntelliJ IDEA.app/Contents/plugins/maven/lib/maven3/boot/plexus-classworlds-2.5.2.jar:/Applications/IntelliJ IDEA.app/Contents/lib/idea_rt.jar"/>
    <property name="java.vm.specification.version" value="1.8"/>
    <property name="sun.arch.data.model" value="64"/>
    <property name="java.home" value="/Library/Java/JavaVirtualMachines/jdk1.8.0_161.jdk/Contents/Home/jre"/>
    <property name="sun.java.command" value="org.codehaus.classworlds.Launcher -Didea.version=2017.2.5 org.codehaus.mojo:cobertura-maven-plugin:2.5.1:cobertura"/>
    <property name="java.specification.vendor" value="Oracle Corporation"/>
    <property name="user.language" value="fr"/>
    <property name="user.language.format" value="en"/>
    <property name="awt.toolkit" value="sun.lwawt.macosx.LWCToolkit"/>
    <property name="java.vm.info" value="mixed mode"/>
    <property name="java.version" value="1.8.0_161"/>
    <property name="java.ext.dirs" value="/Users/selltom/Library/Java/Extensions:/Library/Java/JavaVirtualMachines/jdk1.8.0_161.jdk/Contents/Home/jre/lib/ext:/Library/Java/Extensions:/Network/Library/Java/Extensions:/System/Library/Java/Extensions:/usr/lib/java"/>
    <property name="sun.boot.class.path" value="/Library/Java/JavaVirtualMachines/jdk1.8.0_161.jdk/Contents/Home/jre/lib/resources.jar:/Library/Java/JavaVirtualMachines/jdk1.8.0_161.jdk/Contents/Home/jre/lib/rt.jar:/Library/Java/JavaVirtualMachines/jdk1.8.0_161.jdk/Contents/Home/jre/lib/sunrsasign.jar:/Library/Java/JavaVirtualMachines/jdk1.8.0_161.jdk/Contents/Home/jre/lib/jsse.jar:/Library/Java/JavaVirtualMachines/jdk1.8.0_161.jdk/Contents/Home/jre/lib/jce.jar:/Library/Java/JavaVirtualMachines/jdk1.8.0_161.jdk/Contents/Home/jre/lib/charsets.jar:/Library/Java/JavaVirtualMachines/jdk1.8.0_161.jdk/Contents/Home/jre/lib/jfr.jar:/Library/Java/JavaVirtualMachines/jdk1.8.0_161.jdk/Contents/Home/jre/classes"/>
    <property name="java.vendor" value="Oracle Corporation"/>
    <property name="maven.home" value="/Applications/IntelliJ IDEA.app/Contents/plugins/maven/lib/maven3"/>
    <property name="file.separator" value="/"/>
    <property name="java.vendor.url.bug" value="http://bugreport.sun.com/bugreport/"/>
    <property name="sun.cpu.endian" value="little"/>
    <property name="sun.io.unicode.encoding" value="UnicodeBig"/>
    <property name="project.build.outputDirectory" value="/Users/selltom/OneDrive - Haute Ecole Léonard de Vinci/Ecam/4EO/Test Driven Application/Project/Parking-management/target/generated-classes/cobertura"/>
    <property name="socksNonProxyHosts" value="local|*.local|169.254/16|*.169.254/16"/>
    <property name="ftp.nonProxyHosts" value="local|*.local|169.254/16|*.169.254/16"/>
    <property name="sun.cpu.isalist" value=""/>
  </properties>
  <testcase name="notifyObservers" classname="SensorTest" time="0.029">
    <error message="Expecting a stackmap frame at branch target 60&#10;Exception Details:&#10;  Location:&#10;    Sensor.switchState()V @36: ifne&#10;  Reason:&#10;    Expected stackmap frame at this location.&#10;  Bytecode:&#10;    0x0000000: b800 5f4c 033d 11ff ff3e 2b10 1f04 5412&#10;    0x0000010: 1211 005c b800 182a 2ab4 0021 1100 5c3d&#10;    0x0000020: 1100 003e 9a00 1812 121c 1d04 b800 4811&#10;    0x0000030: ffff 3e04 2b10 2004 54a7 0026 1d9c 000b&#10;    0x0000040: 2b10 2104 54a7 0014 1212 1c1d 03b8 0048&#10;    0x0000050: 11ff ff3e 2b10 2204 5403 2b10 2304 54b5&#10;    0x0000060: 0021 2b10 2404 5412 1211 005d b800 182a&#10;    0x0000070: b600 342b 1025 0454 1212 1100 5eb8 0018&#10;    0x0000080: 2b10 2604 54b1                         &#10;  Stackmap Table:&#10;    full_frame(@89,{Object[#2],Object[#97]},{Object[#2]})&#10;    full_frame(@95,{Object[#2],Object[#97]},{Object[#2],Integer})&#10;" type="java.lang.VerifyError"><![CDATA[java.lang.VerifyError: 
Expecting a stackmap frame at branch target 60
Exception Details:
  Location:
    Sensor.switchState()V @36: ifne
  Reason:
    Expected stackmap frame at this location.
  Bytecode:
    0x0000000: b800 5f4c 033d 11ff ff3e 2b10 1f04 5412
    0x0000010: 1211 005c b800 182a 2ab4 0021 1100 5c3d
    0x0000020: 1100 003e 9a00 1812 121c 1d04 b800 4811
    0x0000030: ffff 3e04 2b10 2004 54a7 0026 1d9c 000b
    0x0000040: 2b10 2104 54a7 0014 1212 1c1d 03b8 0048
    0x0000050: 11ff ff3e 2b10 2204 5403 2b10 2304 54b5
    0x0000060: 0021 2b10 2404 5412 1211 005d b800 182a
    0x0000070: b600 342b 1025 0454 1212 1100 5eb8 0018
    0x0000080: 2b10 2604 54b1                         
  Stackmap Table:
    full_frame(@89,{Object[#2],Object[#97]},{Object[#2]})
    full_frame(@95,{Object[#2],Object[#97]},{Object[#2],Integer})

	at SensorTest.<init>(SensorTest.java:13)
]]></error>
  </testcase>
  <testcase name="removeObserver" classname="SensorTest" time="0">
    <error message="Expecting a stackmap frame at branch target 60&#10;Exception Details:&#10;  Location:&#10;    Sensor.switchState()V @36: ifne&#10;  Reason:&#10;    Expected stackmap frame at this location.&#10;  Bytecode:&#10;    0x0000000: b800 5f4c 033d 11ff ff3e 2b10 1f04 5412&#10;    0x0000010: 1211 005c b800 182a 2ab4 0021 1100 5c3d&#10;    0x0000020: 1100 003e 9a00 1812 121c 1d04 b800 4811&#10;    0x0000030: ffff 3e04 2b10 2004 54a7 0026 1d9c 000b&#10;    0x0000040: 2b10 2104 54a7 0014 1212 1c1d 03b8 0048&#10;    0x0000050: 11ff ff3e 2b10 2204 5403 2b10 2304 54b5&#10;    0x0000060: 0021 2b10 2404 5412 1211 005d b800 182a&#10;    0x0000070: b600 342b 1025 0454 1212 1100 5eb8 0018&#10;    0x0000080: 2b10 2604 54b1                         &#10;  Stackmap Table:&#10;    full_frame(@89,{Object[#2],Object[#97]},{Object[#2]})&#10;    full_frame(@95,{Object[#2],Object[#97]},{Object[#2],Integer})&#10;" type="java.lang.VerifyError"><![CDATA[java.lang.VerifyError: 
Expecting a stackmap frame at branch target 60
Exception Details:
  Location:
    Sensor.switchState()V @36: ifne
  Reason:
    Expected stackmap frame at this location.
  Bytecode:
    0x0000000: b800 5f4c 033d 11ff ff3e 2b10 1f04 5412
    0x0000010: 1211 005c b800 182a 2ab4 0021 1100 5c3d
    0x0000020: 1100 003e 9a00 1812 121c 1d04 b800 4811
    0x0000030: ffff 3e04 2b10 2004 54a7 0026 1d9c 000b
    0x0000040: 2b10 2104 54a7 0014 1212 1c1d 03b8 0048
    0x0000050: 11ff ff3e 2b10 2204 5403 2b10 2304 54b5
    0x0000060: 0021 2b10 2404 5412 1211 005d b800 182a
    0x0000070: b600 342b 1025 0454 1212 1100 5eb8 0018
    0x0000080: 2b10 2604 54b1                         
  Stackmap Table:
    full_frame(@89,{Object[#2],Object[#97]},{Object[#2]})
    full_frame(@95,{Object[#2],Object[#97]},{Object[#2],Integer})

	at SensorTest.<init>(SensorTest.java:13)
]]></error>
  </testcase>
  <testcase name="addObserver" classname="SensorTest" time="0">
    <error message="Expecting a stackmap frame at branch target 60&#10;Exception Details:&#10;  Location:&#10;    Sensor.switchState()V @36: ifne&#10;  Reason:&#10;    Expected stackmap frame at this location.&#10;  Bytecode:&#10;    0x0000000: b800 5f4c 033d 11ff ff3e 2b10 1f04 5412&#10;    0x0000010: 1211 005c b800 182a 2ab4 0021 1100 5c3d&#10;    0x0000020: 1100 003e 9a00 1812 121c 1d04 b800 4811&#10;    0x0000030: ffff 3e04 2b10 2004 54a7 0026 1d9c 000b&#10;    0x0000040: 2b10 2104 54a7 0014 1212 1c1d 03b8 0048&#10;    0x0000050: 11ff ff3e 2b10 2204 5403 2b10 2304 54b5&#10;    0x0000060: 0021 2b10 2404 5412 1211 005d b800 182a&#10;    0x0000070: b600 342b 1025 0454 1212 1100 5eb8 0018&#10;    0x0000080: 2b10 2604 54b1                         &#10;  Stackmap Table:&#10;    full_frame(@89,{Object[#2],Object[#97]},{Object[#2]})&#10;    full_frame(@95,{Object[#2],Object[#97]},{Object[#2],Integer})&#10;" type="java.lang.VerifyError"><![CDATA[java.lang.VerifyError: 
Expecting a stackmap frame at branch target 60
Exception Details:
  Location:
    Sensor.switchState()V @36: ifne
  Reason:
    Expected stackmap frame at this location.
  Bytecode:
    0x0000000: b800 5f4c 033d 11ff ff3e 2b10 1f04 5412
    0x0000010: 1211 005c b800 182a 2ab4 0021 1100 5c3d
    0x0000020: 1100 003e 9a00 1812 121c 1d04 b800 4811
    0x0000030: ffff 3e04 2b10 2004 54a7 0026 1d9c 000b
    0x0000040: 2b10 2104 54a7 0014 1212 1c1d 03b8 0048
    0x0000050: 11ff ff3e 2b10 2204 5403 2b10 2304 54b5
    0x0000060: 0021 2b10 2404 5412 1211 005d b800 182a
    0x0000070: b600 342b 1025 0454 1212 1100 5eb8 0018
    0x0000080: 2b10 2604 54b1                         
  Stackmap Table:
    full_frame(@89,{Object[#2],Object[#97]},{Object[#2]})
    full_frame(@95,{Object[#2],Object[#97]},{Object[#2],Integer})

	at SensorTest.<init>(SensorTest.java:13)
]]></error>
  </testcase>
</testsuite>